<?xml version="1.0" encoding="UTF-8"?>
<testsuite name="com.getcapacitor.ExampleUnitTest" tests="1" skipped="0" failures="0" errors="0" timestamp="2021-12-23T19:01:39" hostname="MacBook-Pro-de-Adrian.local" time="0.003">
  <properties/>
  <testcase name="addition_isCorrect" classname="com.getcapacitor.ExampleUnitTest" time="0.003"/>
  <system-out><![CDATA[]]></system-out>
  <system-err><![CDATA[]]></system-err>
</testsuite>
